50-218 *************************************************************8
{'--crossover': 'uniform',
 '--elitism': '0.4',
 '--fitness-alpha': '0.9',
 '--fitness-beta': '0.4',
 '--max-generations': '300',
 '--mutation-method': 'linear-adaptive',
 '--mutation-probability': '0.7',
 '--population-size': '100'}
Instances: 500, seeds: 10
Variables 50, Clauses 218
--------------------------
resulsts ../../data/50-218/./M-opt.dat
(500, 6)
       satisfied_clauses  ratio_fully_satisfied    weight_sum  generations  fitness_value  relative_error_avg
count         500.000000             500.000000    500.000000        500.0     500.000000          500.000000
mean            0.992615               0.170000  19542.484000        300.0       0.982743            0.036948
std             0.005279               0.376009   5291.279347          0.0       0.008945            0.029423
min             0.972477               0.000000   9711.000000        300.0       0.950391            0.000000
25%             0.990826               0.000000  16215.000000        300.0       0.976450            0.013228
50%             0.990826               0.000000  18956.000000        300.0       0.983310            0.032243
75%             0.995413               0.000000  21810.000000        300.0       0.989022            0.052000
max             1.000000               1.000000  44958.000000        300.0       0.999907            0.142826
*************************************************************8
75-325 *************************************************************8
{'--crossover': 'uniform',
 '--elitism': '0.4',
 '--fitness-alpha': '0.9',
 '--fitness-beta': '0.4',
 '--max-generations': '300',
 '--mutation-method': 'linear-adaptive',
 '--mutation-probability': '0.7',
 '--population-size': '100'}
Instances: 500, seeds: 10
Variables 75, Clauses 325
--------------------------
resulsts ../../data/75-325/./M-opt.dat
(100, 6)
       satisfied_clauses  ratio_fully_satisfied    weight_sum  generations  fitness_value  relative_error_avg
count         100.000000                  100.0    100.000000        100.0     100.000000          100.000000
mean            0.978985                    0.0  21746.500000        300.0       0.959341            0.091788
std             0.005981                    0.0   2771.149131          0.0       0.009281            0.047739
min             0.963077                    0.0  16161.000000        300.0       0.936494            0.002047
25%             0.975385                    0.0  19599.250000        300.0       0.953616            0.059748
50%             0.978462                    0.0  21835.500000        300.0       0.959460            0.093709
75%             0.981538                    0.0  23974.000000        300.0       0.965804            0.115255
max             0.993846                    0.0  29509.000000        300.0       0.979353            0.222673
*************************************************************8
100-430 *************************************************************8
{'--crossover': 'uniform',
 '--elitism': '0.4',
 '--fitness-alpha': '0.9',
 '--fitness-beta': '0.4',
 '--max-generations': '300',
 '--mutation-method': 'linear-adaptive',
 '--mutation-probability': '0.7',
 '--population-size': '100'}
Instances: 500, seeds: 10
Variables 100, Clauses 430
--------------------------
resulsts ../../data/100-430/./M-opt.dat
(500, 6)
       satisfied_clauses  ratio_fully_satisfied    weight_sum  generations  fitness_value  relative_error_avg
count         500.000000                  500.0    500.000000        500.0     500.000000               500.0
mean            0.967112                    0.0  34006.406000        300.0       0.939337                -1.0
std             0.005812                    0.0  24867.580828          0.0       0.008441                 0.0
min             0.946512                    0.0   4249.000000        300.0       0.908417                -1.0
25%             0.962791                    0.0   7067.250000        300.0       0.933446                -1.0
50%             0.967442                    0.0  46029.000000        300.0       0.939233                -1.0
75%             0.970349                    0.0  56252.500000        300.0       0.945371                -1.0
max             0.981395                    0.0  75193.000000        300.0       0.960415                -1.0
*************************************************************8
